# 29 multi-pack / lot / variety-pack listings dropped (not single tins):

[4noggins.com] Edgeworth: READY RUBBED 1 3-8 oz.  6 Pouches in Display Box
[Tinbids Auction (Sold)] (2x) Seattle Pipe Club (Sutliff) - Mississippi River Rum Barrel Aged
[Tinbids Auction (Sold)] 2023 Robert McConnell Scottish Flake - 3 Tins NR BIN $95
[Tinbids Auction (Sold)] 2x Sutliff Molto Dolce Sealed 1.5oz Tins
[Tinbids Auction (Sold)] 3 Tins - Rattray's Stirling Flake - 2024 - 50g
[Tinbids Auction (Sold)] 5 pack Erinmore Flake (50g) 2014-Factory Sealed
[Tinbids Auction (Sold)] 72 hour auction!  3 bags of Esoterica and 15 tins!  Plus 2 tins of Germain's Balkan Sobranie!
[Tinbids Auction (Sold)] C&D: Steamworks (26) 2 Tins: BIN 60
[Tinbids Auction (Sold)] Cornell & Diehl Eight State Burley - 5 Tins NR BIN $150
[Tinbids Auction (Sold)] Cornell & Diehl Fires on the Levee Small Batch - 5 Tins NR BIN $150
[Tinbids Auction (Sold)] Lot of 2 Excellent 2019 & 2020 Cornell & Diehl Kings Stride Warped Series Until the End 2oz. Tins
[Tinbids Auction (Sold)] Lot of 2 Excellent Sealed 2020 Ashton Artisan's Blend 50g. Tins
[Tinbids Auction (Sold)] Lot of 2 Excellent Sealed 2020 Original Navy Cut Capstan 50g. Tins
[Tinbids Auction (Sold)] Lot of 2 Excellent Sealed 2021 Rattray's Black Mallory 100g. Tobacco Tins
[Tinbids Auction (Sold)] Lot of 2 Very Nice Sealed Cascadia Downwind 1.76oz. Tins
[Tinbids Auction (Sold)] Lot of 4 Very Nice Sealed Cascadia 1.76oz. Tins
[Tinbids Auction (Sold)] Mac Baren Old Dark Fired - 5 Tins NR BIN $300
[Tinbids Auction (Sold)] Samuel Gawith Aromatic 3-Pack (2014 & 2015)
[Tinbids Auction (Sold)] Samuel Gawith Flake Assortment 5 pack (2014)
[Tinbids Auction (Sold)] Sutliff Alexander Bridge - lot of 2
[Tinbids Auction (Sold)] Sutliff Blend No. 5 (Sutliff Private Stock) 5 x 1.5 oz tins
[Tinbids Auction (Sold)] Vintage 2017 - Lot of 5 Sealed Dunhill My Mixture
[pipestud.com] Dunhill Variety 3-Pack of 50g tins – Years 2011 & 2014
[pipestud.com] Dunhill Variety 5-Pack of 50g tins – Various Years
[pipestud.com] Samuel Gawith Full Virginia Flake 4-Pack of 50g tins – Year 2012
[pipestud.com] Sutliff  Variety 4-Pack Crumble Kake 50g tins – Years 2021 & 2022
[pipestud.com] Sutliff 3-Pack of Crumble Kake #4 in 50g tins – Year 2022
[pipestud.com] Sutliff Cringle Flake Holiday Edition 3-Pack of 2oz tins – Year 2024 W/ McClelland’s Tobacco
[pipestud.com] Sutliff Crumble Kake  Engllish #1 in a 5-Pack of 50g tins – Year 2022
