# 44 listings have no clean blend identity (left as standalone tins):

[Speak-Easy.Club] 1792 Flake 8 oz Factory box (stored in Mylar, seal intact)
[Speak-Easy.Club] Aniseed Twist 7 oz. in Mylar
[Speak-Easy.Club] Brown Flake Unscented 8 oz. in Mylar
[Speak-Easy.Club] Cob Plug 6 oz in Mylar
[Speak-Easy.Club] Dark Birdseye 5 oz. in Mylar
[Speak-Easy.Club] Dark Birdseye 8 oz. in Mylar
[Speak-Easy.Club] Dark Flake Aromatic 500g Factory box (stored in Mylar, seal intact)
[Speak-Easy.Club] Full VA Plug 8 oz Factory box (stored in Mylar, seal intact)
[Speak-Easy.Club] GH Broken Scotch Cake 50g tin
[Speak-Easy.Club] Kendal Kentucky 4 oz. in Mylar
[Speak-Easy.Club] Kendal Kentucky 5 oz in Mylar
[Speak-Easy.Club] MacBaren St. Bruno Flake 1.75 oz tins X3
[Speak-Easy.Club] Peter Heinrichs Curly Block 4oz. (Jarred since purchased in 2020.)
[Speak-Easy.Club] Rum Flake 500g Factory box (stored in Mylar, seal intact)
[Speak-Easy.Club] Rum Twist 5 oz. in Mylar
[Speak-Easy.Club] SG 1792 Flake 50g tin
[Speak-Easy.Club] SG Black XX Kendal Twist 50g tin
[Speak-Easy.Club] SG Brown #4 50 g tin
[Speak-Easy.Club] Solani ABF 50g tins X2
[Speak-Easy.Club] Sweet Whiskey Twist 6 oz. in Mylar
[Speak-Easy.Club] Warped the Haunting 2 oz. tin (#1585 of 2000.)
[Tinbids Auction (Sold)] 2017 Gawith and Hoggarth Bob's Chocolate Flake
[Tinbids Auction (Sold)] 2017 Tin of Balkan Blue Pipe Tobacco by Mclelland with about 9 years of age
[Tinbids Auction (Sold)] 3 Oaks Pipe Tobacco with Syrian Latakia by McClelland from 2012
[Tinbids Auction (Sold)] Aromatic Blends (Eileen's Dream, Gawith Hoggarth American Blend Delite, Rattray's Exotic Passion)
[Tinbids Auction (Sold)] Esoterica - Dorchester - 8oz
[Tinbids Auction (Sold)] Esoterica - Pembroke - 8oz
[Tinbids Auction (Sold)] Gawith Hoggarth Rum Flake
[Tinbids Auction (Sold)] HH Vintage Syrian 1.75 oz tin from Feb 2018 and a tobacco jar
[Tinbids Auction (Sold)] Jewel Of St James Genuine Louisiana Perique 1 OZ sealed jar
[Tinbids Auction (Sold)] McClelland Grand Orientals Classic Samsun 2007
[Tinbids Auction (Sold)] Nice Sealed Vintage Balkan Sasieni 50g. Tin
[Tinbids Auction (Sold)] Peterson Irish Oak 50g Tin
[Tinbids Auction (Sold)] Very Nice 2008 Peterson Special Reserve Limited Edition 100g. Tin
[Tinbids Auction (Sold)] Very Nice 2012 Peterson Special 2012 Reserve Limited Edition 100g. Tin
[Tinbids Auction (Sold)] Very Nice 2012 Peterson Summertime 2012 100g. Tin
[Tinbids Auction (Sold)] Very Nice Sealed 2005 McClelland's Rose of Latakia 50g. Tin
[Tinbids Auction (Sold)] Very Nice Sealed 2005 McClelland's Syrian Full Balkan 50g. Tin
[Tinbids Auction (Sold)] Very Nice Sealed 2006 McClelland's Royal Cajun 50g. Tin
[Tinbids Auction (Sold)] Very Nice Sealed 2008 McClelland's Frog Morton on the Town 50g. Tin
[Tinbids Auction (Sold)] Very Nice Sealed 2014 Three Nuns 1.75oz. Tin
[Tinbids Auction (Sold)] Vintage 1980 - Robert McConnell's Original Scottish Blend - 50g
[Tinbids Auction (Sold)] Vintage 2016 - Balkan Sobranie
[Tinbids Auction (Sold)] Wessex Burley Slice 50 gram
